Started GET "/" for ::1 at 2023-05-02 14:57:32 +0530
Started GET "/" for ::1 at 2023-05-02 14:57:32 +0530
  
  
ActiveRecord::PendingMigrationError (

Migrations are pending. To resolve this issue, run:

        bin/rails db:migrate RAILS_ENV=development

):
ActiveRecord::PendingMigrationError (

Migrations are pending. To resolve this issue, run:

        bin/rails db:migrate RAILS_ENV=development

):
  
  
activerecord (5.1.7) lib/active_record/migration.rb:576:in `check_pending!'
activerecord (5.1.7) lib/active_record/migration.rb:553:in `call'
actionpack (5.1.7) lib/action_dispatch/middleware/callbacks.rb:26:in `block in call'
activesupport (5.1.7) lib/active_support/callbacks.rb:97:in `run_callbacks'
actionpack (5.1.7) lib/action_dispatch/middleware/callbacks.rb:24:in `call'
actionpack (5.1.7) lib/action_dispatch/middleware/executor.rb:12:in `call'
actionpack (5.1.7) lib/action_dispatch/middleware/debug_exceptions.rb:59:in `call'
web-console (3.7.0) lib/web_console/middleware.rb:135:in `call_app'
web-console (3.7.0) lib/web_console/middleware.rb:30:in `block in call'
web-console (3.7.0) lib/web_console/middleware.rb:20:in `catch'
web-console (3.7.0) lib/web_console/middleware.rb:20:in `call'
actionpack (5.1.7) lib/action_dispatch/middleware/show_exceptions.rb:31:in `call'
railties (5.1.7) lib/rails/rack/logger.rb:36:in `call_app'
railties (5.1.7) lib/rails/rack/logger.rb:24:in `block in call'
activesupport (5.1.7) lib/active_support/tagged_logging.rb:69:in `block in tagged'
activesupport (5.1.7) lib/active_support/tagged_logging.rb:26:in `tagged'
activesupport (5.1.7) lib/active_support/tagged_logging.rb:69:in `tagged'
railties (5.1.7) lib/rails/rack/logger.rb:24:in `call'
sprockets-rails (3.2.2) lib/sprockets/rails/quiet_assets.rb:13:in `call'
actionpack (5.1.7) lib/action_dispatch/middleware/remote_ip.rb:79:in `call'
actionpack (5.1.7) lib/action_dispatch/middleware/request_id.rb:25:in `call'
rack (2.2.7) lib/rack/method_override.rb:24:in `call'
rack (2.2.7) lib/rack/runtime.rb:22:in `call'
activesupport (5.1.7) lib/active_support/cache/strategy/local_cache_middleware.rb:27:in `call'
actionpack (5.1.7) lib/action_dispatch/middleware/executor.rb:12:in `call'
actionpack (5.1.7) lib/action_dispatch/middleware/static.rb:125:in `call'
rack (2.2.7) lib/rack/sendfile.rb:110:in `call'
railties (5.1.7) lib/rails/engine.rb:522:in `call'
puma (3.12.6) lib/puma/configuration.rb:227:in `call'
puma (3.12.6) lib/puma/server.rb:706:in `handle_request'
puma (3.12.6) lib/puma/server.rb:476:in `process_client'
puma (3.12.6) lib/puma/server.rb:334:in `block in run'
puma (3.12.6) lib/puma/thread_pool.rb:135:in `block in spawn_thread'
activerecord (5.1.7) lib/active_record/migration.rb:576:in `check_pending!'
activerecord (5.1.7) lib/active_record/migration.rb:553:in `call'
actionpack (5.1.7) lib/action_dispatch/middleware/callbacks.rb:26:in `block in call'
activesupport (5.1.7) lib/active_support/callbacks.rb:97:in `run_callbacks'
actionpack (5.1.7) lib/action_dispatch/middleware/callbacks.rb:24:in `call'
actionpack (5.1.7) lib/action_dispatch/middleware/executor.rb:12:in `call'
actionpack (5.1.7) lib/action_dispatch/middleware/debug_exceptions.rb:59:in `call'
web-console (3.7.0) lib/web_console/middleware.rb:135:in `call_app'
web-console (3.7.0) lib/web_console/middleware.rb:30:in `block in call'
web-console (3.7.0) lib/web_console/middleware.rb:20:in `catch'
web-console (3.7.0) lib/web_console/middleware.rb:20:in `call'
actionpack (5.1.7) lib/action_dispatch/middleware/show_exceptions.rb:31:in `call'
railties (5.1.7) lib/rails/rack/logger.rb:36:in `call_app'
railties (5.1.7) lib/rails/rack/logger.rb:24:in `block in call'
activesupport (5.1.7) lib/active_support/tagged_logging.rb:69:in `block in tagged'
activesupport (5.1.7) lib/active_support/tagged_logging.rb:26:in `tagged'
activesupport (5.1.7) lib/active_support/tagged_logging.rb:69:in `tagged'
railties (5.1.7) lib/rails/rack/logger.rb:24:in `call'
sprockets-rails (3.2.2) lib/sprockets/rails/quiet_assets.rb:13:in `call'
actionpack (5.1.7) lib/action_dispatch/middleware/remote_ip.rb:79:in `call'
actionpack (5.1.7) lib/action_dispatch/middleware/request_id.rb:25:in `call'
rack (2.2.7) lib/rack/method_override.rb:24:in `call'
rack (2.2.7) lib/rack/runtime.rb:22:in `call'
activesupport (5.1.7) lib/active_support/cache/strategy/local_cache_middleware.rb:27:in `call'
actionpack (5.1.7) lib/action_dispatch/middleware/executor.rb:12:in `call'
actionpack (5.1.7) lib/action_dispatch/middleware/static.rb:125:in `call'
rack (2.2.7) lib/rack/sendfile.rb:110:in `call'
railties (5.1.7) lib/rails/engine.rb:522:in `call'
puma (3.12.6) lib/puma/configuration.rb:227:in `call'
puma (3.12.6) lib/puma/server.rb:706:in `handle_request'
puma (3.12.6) lib/puma/server.rb:476:in `process_client'
puma (3.12.6) lib/puma/server.rb:334:in `block in run'
puma (3.12.6) lib/puma/thread_pool.rb:135:in `block in spawn_thread'
  [1m[35m (0.2ms)[0m  [1m[34mSELECT sqlite_version(*)[0m
  [1m[35m (1.1ms)[0m  [1m[35mCREATE TABLE "schema_migrations" ("version" varchar NOT NULL PRIMARY KEY)[0m
  [1m[35m (0.4ms)[0m  [1m[35mCREATE TABLE "ar_internal_metadata" ("key" varchar NOT NULL PRIMARY KEY, "value" varchar, "created_at" datetime NOT NULL, "updated_at" datetime NOT NULL)[0m
  [1m[35m (0.1ms)[0m  [1m[34mSELECT "schema_migrations"."version" FROM "schema_migrations" ORDER BY "schema_migrations"."version" ASC[0m
Migrating to CreateTodoLists (20230502092706)
  [1m[35m (0.0ms)[0m  [1m[36mbegin transaction[0m
  [1m[35m (0.2ms)[0m  [1m[35mCREATE TABLE "todo_lists" ("id" INTEGER PRIMARY KEY AUTOINCREMENT NOT NULL, "title" varchar, "description" text, "created_at" datetime NOT NULL, "updated_at" datetime NOT NULL)[0m
  [1m[35mSQL (0.1ms)[0m  [1m[32mINSERT INTO "schema_migrations" ("version") VALUES (?)[0m  [["version", "20230502092706"]]
  [1m[35m (0.3ms)[0m  [1m[36mcommit transaction[0m
  [1m[36mActiveRecord::InternalMetadata Load (0.1ms)[0m  [1m[34mSELECT  "ar_internal_metadata".* FROM "ar_internal_metadata" WHERE "ar_internal_metadata"."key" = ? LIMIT ?[0m  [["key", "environment"], ["LIMIT", 1]]
  [1m[35m (0.0ms)[0m  [1m[36mbegin transaction[0m
  [1m[35mSQL (0.1ms)[0m  [1m[32mINSERT INTO "ar_internal_metadata" ("key", "value", "created_at", "updated_at") VALUES (?, ?, ?, ?)[0m  [["key", "environment"], ["value", "development"], ["created_at", "2023-05-02 09:28:20.348197"], ["updated_at", "2023-05-02 09:28:20.348197"]]
  [1m[35m (0.2ms)[0m  [1m[36mcommit transaction[0m
  [1m[35m (0.0ms)[0m  [1m[34mSELECT "schema_migrations"."version" FROM "schema_migrations" ORDER BY "schema_migrations"."version" ASC[0m
Started GET "/" for ::1 at 2023-05-02 14:58:39 +0530
  [1m[35m (0.1ms)[0m  [1m[34mSELECT "schema_migrations"."version" FROM "schema_migrations" ORDER BY "schema_migrations"."version" ASC[0m
Processing by Rails::WelcomeController#index as HTML
  Rendering /Users/prathamjamnal/.rbenv/versions/2.7.3/lib/ruby/gems/2.7.0/gems/railties-5.1.7/lib/rails/templates/rails/welcome/index.html.erb
  Rendered /Users/prathamjamnal/.rbenv/versions/2.7.3/lib/ruby/gems/2.7.0/gems/railties-5.1.7/lib/rails/templates/rails/welcome/index.html.erb (2.7ms)
Completed 200 OK in 8ms (Views: 5.2ms | ActiveRecord: 0.0ms)


Started GET "/todo_lists" for ::1 at 2023-05-02 14:59:11 +0530
Processing by TodoListsController#index as HTML
  Rendering todo_lists/index.html.erb within layouts/application
  [1m[36mTodoList Load (0.4ms)[0m  [1m[34mSELECT "todo_lists".* FROM "todo_lists"[0m
  Rendered todo_lists/index.html.erb within layouts/application (6.1ms)
Completed 200 OK in 521ms (Views: 511.1ms | ActiveRecord: 1.0ms)


Started GET "/" for ::1 at 2023-05-02 15:00:26 +0530
Started GET "/" for ::1 at 2023-05-02 15:00:36 +0530
Processing by TodoListsController#index as HTML
  Rendering todo_lists/index.html.erb within layouts/application
  [1m[36mTodoList Load (0.2ms)[0m  [1m[34mSELECT "todo_lists".* FROM "todo_lists"[0m
  Rendered todo_lists/index.html.erb within layouts/application (2.5ms)
Completed 200 OK in 20ms (Views: 17.2ms | ActiveRecord: 0.5ms)


Processing by TodoListsController#index as HTML
  Rendering todo_lists/index.html.erb within layouts/application
  [1m[36mTodoList Load (0.1ms)[0m  [1m[34mSELECT "todo_lists".* FROM "todo_lists"[0m
  Rendered todo_lists/index.html.erb within layouts/application (1.9ms)
Completed 200 OK in 18ms (Views: 15.5ms | ActiveRecord: 0.4ms)


Started GET "/todo_lists/new" for ::1 at 2023-05-02 15:00:53 +0530
Processing by TodoListsController#new as HTML
  Rendering todo_lists/new.html.erb within layouts/application
  Rendered todo_lists/_form.html.erb (25.4ms)
  Rendered todo_lists/new.html.erb within layouts/application (27.4ms)
Completed 200 OK in 64ms (Views: 46.8ms | ActiveRecord: 0.9ms)


Started POST "/todo_lists" for ::1 at 2023-05-02 15:01:07 +0530
Processing by TodoListsController#create as HTML
  Parameters: {"utf8"=>"✓", "authenticity_token"=>"KE3TCIc1YD2cGjHrBtBFDsJrePJEs2fM20X5OQkh6p4McP7vtlkoD0LIkwTVToqqsQK2Wk7mk8J0jgFBj1b+BA==", "todo_list"=>{"title"=>"Pratham", "description"=>"Make a todo app using ruby on rails"}, "commit"=>"Create Todo list"}
  [1m[35m (0.1ms)[0m  [1m[36mbegin transaction[0m
  [1m[35mSQL (0.4ms)[0m  [1m[32mINSERT INTO "todo_lists" ("title", "description", "created_at", "updated_at") VALUES (?, ?, ?, ?)[0m  [["title", "Pratham"], ["description", "Make a todo app using ruby on rails"], ["created_at", "2023-05-02 09:31:07.307496"], ["updated_at", "2023-05-02 09:31:07.307496"]]
  [1m[35m (0.3ms)[0m  [1m[36mcommit transaction[0m
Redirected to http://localhost:3000/todo_lists/1
Completed 302 Found in 4ms (ActiveRecord: 0.8ms)


Started GET "/todo_lists/1" for ::1 at 2023-05-02 15:01:07 +0530
Processing by TodoListsController#show as HTML
  Parameters: {"id"=>"1"}
  [1m[36mTodoList Load (0.1ms)[0m  [1m[34mSELECT  "todo_lists".* FROM "todo_lists" WHERE "todo_lists"."id" = ? LIMIT ?[0m  [["id", 1], ["LIMIT", 1]]
  Rendering todo_lists/show.html.erb within layouts/application
  Rendered todo_lists/show.html.erb within layouts/application (0.6ms)
Completed 200 OK in 19ms (Views: 14.6ms | ActiveRecord: 0.1ms)


  [1m[35m (0.1ms)[0m  [1m[34mSELECT "schema_migrations"."version" FROM "schema_migrations" ORDER BY "schema_migrations"."version" ASC[0m
Migrating to CreateTodoItems (20230502093141)
  [1m[35m (0.0ms)[0m  [1m[36mbegin transaction[0m
  [1m[35m (0.0ms)[0m  [1m[34mSELECT sqlite_version(*)[0m
  [1m[35m (0.2ms)[0m  [1m[35mCREATE TABLE "todo_items" ("id" INTEGER PRIMARY KEY AUTOINCREMENT NOT NULL, "content" varchar, "todo_list_id" integer, "created_at" datetime NOT NULL, "updated_at" datetime NOT NULL, CONSTRAINT "fk_rails_d913ce1c56"
FOREIGN KEY ("todo_list_id")
  REFERENCES "todo_lists" ("id")
)[0m
  [1m[35m (0.1ms)[0m  [1m[35mCREATE  INDEX "index_todo_items_on_todo_list_id" ON "todo_items" ("todo_list_id")[0m
  [1m[35mSQL (0.1ms)[0m  [1m[32mINSERT INTO "schema_migrations" ("version") VALUES (?)[0m  [["version", "20230502093141"]]
  [1m[35m (0.4ms)[0m  [1m[36mcommit transaction[0m
  [1m[36mActiveRecord::InternalMetadata Load (0.1ms)[0m  [1m[34mSELECT  "ar_internal_metadata".* FROM "ar_internal_metadata" WHERE "ar_internal_metadata"."key" = ? LIMIT ?[0m  [["key", "environment"], ["LIMIT", 1]]
  [1m[35m (0.0ms)[0m  [1m[36mbegin transaction[0m
  [1m[35m (0.0ms)[0m  [1m[36mcommit transaction[0m
  [1m[35m (0.0ms)[0m  [1m[34mSELECT "schema_migrations"."version" FROM "schema_migrations" ORDER BY "schema_migrations"."version" ASC[0m
  [1m[35m (0.0ms)[0m  [1m[34m            SELECT sql
            FROM sqlite_master
            WHERE name='index_todo_items_on_todo_list_id' AND type='index'
            UNION ALL
            SELECT sql
            FROM sqlite_temp_master
            WHERE name='index_todo_items_on_todo_list_id' AND type='index'
[0m
Started GET "/todo_lists/1" for ::1 at 2023-05-02 15:18:13 +0530
  [1m[35m (0.1ms)[0m  [1m[34mSELECT "schema_migrations"."version" FROM "schema_migrations" ORDER BY "schema_migrations"."version" ASC[0m
Processing by TodoListsController#show as HTML
  Parameters: {"id"=>"1"}
  [1m[36mTodoList Load (0.1ms)[0m  [1m[34mSELECT  "todo_lists".* FROM "todo_lists" WHERE "todo_lists"."id" = ? LIMIT ?[0m  [["id", 1], ["LIMIT", 1]]
  Rendering todo_lists/show.html.erb within layouts/application
  [1m[36mTodoItem Load (0.3ms)[0m  [1m[34mSELECT "todo_items".* FROM "todo_items" WHERE "todo_items"."todo_list_id" = ?[0m  [["todo_list_id", 1]]
  Rendered collection of templates [0 times] (0.0ms)
  Rendered todo_items/_form.html.erb (9.1ms)
  Rendered todo_lists/show.html.erb within layouts/application (24.4ms)
Completed 200 OK in 75ms (Views: 60.8ms | ActiveRecord: 1.1ms)


Started POST "/todo_lists/1/todo_items" for ::1 at 2023-05-02 15:18:48 +0530
Processing by TodoItemsController#create as HTML
  Parameters: {"utf8"=>"✓", "authenticity_token"=>"fMv5xUruDo3tked3GzaMLNLnOuRmcszDFRenXputiiYsQQgF2Rz8RoiRsMPNgXg/VPqwlCHisAZlZniFtXNJSQ==", "todo_item"=>{"content"=>"First Task"}, "commit"=>"Create Todo item", "todo_list_id"=>"1"}
  [1m[36mTodoList Load (0.4ms)[0m  [1m[34mSELECT  "todo_lists".* FROM "todo_lists" WHERE "todo_lists"."id" = ? LIMIT ?[0m  [["id", 1], ["LIMIT", 1]]
  [1m[35m (0.2ms)[0m  [1m[36mbegin transaction[0m
  [1m[35mSQL (0.6ms)[0m  [1m[32mINSERT INTO "todo_items" ("content", "todo_list_id", "created_at", "updated_at") VALUES (?, ?, ?, ?)[0m  [["content", "First Task"], ["todo_list_id", 1], ["created_at", "2023-05-02 09:48:48.399391"], ["updated_at", "2023-05-02 09:48:48.399391"]]
  [1m[35m (1.0ms)[0m  [1m[36mcommit transaction[0m
Redirected to http://localhost:3000/todo_lists/1
Completed 302 Found in 13ms (ActiveRecord: 2.2ms)


Started GET "/todo_lists/1" for ::1 at 2023-05-02 15:18:48 +0530
Processing by TodoListsController#show as HTML
  Parameters: {"id"=>"1"}
  [1m[36mTodoList Load (0.1ms)[0m  [1m[34mSELECT  "todo_lists".* FROM "todo_lists" WHERE "todo_lists"."id" = ? LIMIT ?[0m  [["id", 1], ["LIMIT", 1]]
  Rendering todo_lists/show.html.erb within layouts/application
  [1m[36mTodoItem Load (0.1ms)[0m  [1m[34mSELECT "todo_items".* FROM "todo_items" WHERE "todo_items"."todo_list_id" = ?[0m  [["todo_list_id", 1]]
  Rendered collection of todo_items/_todo_item.html.erb [1 times] (0.5ms)
  Rendered todo_items/_form.html.erb (2.3ms)
  Rendered todo_lists/show.html.erb within layouts/application (7.4ms)
Completed 200 OK in 32ms (Views: 30.0ms | ActiveRecord: 0.3ms)


Started GET "/todo_lists/1" for ::1 at 2023-05-02 15:20:45 +0530
Processing by TodoListsController#show as HTML
  Parameters: {"id"=>"1"}
  [1m[36mTodoList Load (0.3ms)[0m  [1m[34mSELECT  "todo_lists".* FROM "todo_lists" WHERE "todo_lists"."id" = ? LIMIT ?[0m  [["id", 1], ["LIMIT", 1]]
  Rendering todo_lists/show.html.erb within layouts/application
  [1m[36mTodoItem Load (0.2ms)[0m  [1m[34mSELECT "todo_items".* FROM "todo_items" WHERE "todo_items"."todo_list_id" = ?[0m  [["todo_list_id", 1]]
  Rendered collection of todo_items/_todo_item.html.erb [1 times] (3.5ms)
  Rendered todo_items/_form.html.erb (4.3ms)
  Rendered todo_lists/show.html.erb within layouts/application (16.0ms)
Completed 200 OK in 60ms (Views: 55.1ms | ActiveRecord: 0.5ms)


Started GET "/todo_lists/1" for ::1 at 2023-05-02 15:20:59 +0530
Processing by TodoListsController#show as HTML
  Parameters: {"id"=>"1"}
  [1m[36mTodoList Load (0.1ms)[0m  [1m[34mSELECT  "todo_lists".* FROM "todo_lists" WHERE "todo_lists"."id" = ? LIMIT ?[0m  [["id", 1], ["LIMIT", 1]]
  Rendering todo_lists/show.html.erb within layouts/application
  [1m[36mTodoItem Load (0.1ms)[0m  [1m[34mSELECT "todo_items".* FROM "todo_items" WHERE "todo_items"."todo_list_id" = ?[0m  [["todo_list_id", 1]]
  Rendered collection of todo_items/_todo_item.html.erb [1 times] (0.6ms)
  Rendered todo_items/_form.html.erb (1.4ms)
  Rendered todo_lists/show.html.erb within layouts/application (6.0ms)
Completed 200 OK in 26ms (Views: 23.3ms | ActiveRecord: 0.2ms)


Started GET "/todo_lists/1" for ::1 at 2023-05-02 15:22:17 +0530
Processing by TodoListsController#show as HTML
  Parameters: {"id"=>"1"}
  [1m[36mTodoList Load (0.1ms)[0m  [1m[34mSELECT  "todo_lists".* FROM "todo_lists" WHERE "todo_lists"."id" = ? LIMIT ?[0m  [["id", 1], ["LIMIT", 1]]
  Rendering todo_lists/show.html.erb within layouts/application
  [1m[36mTodoItem Load (0.2ms)[0m  [1m[34mSELECT "todo_items".* FROM "todo_items" WHERE "todo_items"."todo_list_id" = ?[0m  [["todo_list_id", 1]]
  Rendered collection of todo_items/_todo_item.html.erb [1 times] (0.7ms)
  Rendered todo_items/_form.html.erb (2.3ms)
  Rendered todo_lists/show.html.erb within layouts/application (16.8ms)
Completed 200 OK in 53ms (Views: 40.8ms | ActiveRecord: 1.1ms)


Started GET "/todo_lists/1" for ::1 at 2023-05-02 15:22:44 +0530
Processing by TodoListsController#show as HTML
  Parameters: {"id"=>"1"}
  [1m[36mTodoList Load (0.4ms)[0m  [1m[34mSELECT  "todo_lists".* FROM "todo_lists" WHERE "todo_lists"."id" = ? LIMIT ?[0m  [["id", 1], ["LIMIT", 1]]
  Rendering todo_lists/show.html.erb within layouts/application
  [1m[36mTodoItem Load (0.1ms)[0m  [1m[34mSELECT "todo_items".* FROM "todo_items" WHERE "todo_items"."todo_list_id" = ?[0m  [["todo_list_id", 1]]
  Rendered collection of todo_items/_todo_item.html.erb [1 times] (0.6ms)
  Rendered todo_items/_form.html.erb (1.5ms)
  Rendered todo_lists/show.html.erb within layouts/application (5.4ms)
Completed 200 OK in 45ms (Views: 38.8ms | ActiveRecord: 0.5ms)


Started DELETE "/todo_lists/1/todo_items/1" for ::1 at 2023-05-02 15:23:11 +0530
Processing by TodoItemsController#destroy as HTML
  Parameters: {"authenticity_token"=>"43ZF9vjj7MBqqxVPn3VVb4Gx8hZI/4n1IlduXW8M4i+z/LQ2axEeCw+rQvtJwqF8B6x4Zg9v9TBSJrGGQdIhQA==", "todo_list_id"=>"1", "id"=>"1"}
  [1m[36mTodoList Load (0.3ms)[0m  [1m[34mSELECT  "todo_lists".* FROM "todo_lists" WHERE "todo_lists"."id" = ? LIMIT ?[0m  [["id", 1], ["LIMIT", 1]]
  [1m[36mTodoItem Load (0.3ms)[0m  [1m[34mSELECT  "todo_items".* FROM "todo_items" WHERE "todo_items"."todo_list_id" = ? AND "todo_items"."id" = ? LIMIT ?[0m  [["todo_list_id", 1], ["id", 1], ["LIMIT", 1]]
  [1m[35m (0.1ms)[0m  [1m[36mbegin transaction[0m
  [1m[35mSQL (0.5ms)[0m  [1m[31mDELETE FROM "todo_items" WHERE "todo_items"."id" = ?[0m  [["id", 1]]
  [1m[35m (0.9ms)[0m  [1m[36mcommit transaction[0m
Redirected to http://localhost:3000/todo_lists/1
Completed 302 Found in 11ms (ActiveRecord: 2.0ms)


Started GET "/todo_lists/1" for ::1 at 2023-05-02 15:23:12 +0530
Processing by TodoListsController#show as HTML
  Parameters: {"id"=>"1"}
  [1m[36mTodoList Load (0.2ms)[0m  [1m[34mSELECT  "todo_lists".* FROM "todo_lists" WHERE "todo_lists"."id" = ? LIMIT ?[0m  [["id", 1], ["LIMIT", 1]]
  Rendering todo_lists/show.html.erb within layouts/application
  [1m[36mTodoItem Load (0.1ms)[0m  [1m[34mSELECT "todo_items".* FROM "todo_items" WHERE "todo_items"."todo_list_id" = ?[0m  [["todo_list_id", 1]]
  Rendered collection of templates [0 times] (0.0ms)
  Rendered todo_items/_form.html.erb (3.3ms)
  Rendered todo_lists/show.html.erb within layouts/application (7.8ms)
Completed 200 OK in 40ms (Views: 36.5ms | ActiveRecord: 0.4ms)


Started POST "/todo_lists/1/todo_items" for ::1 at 2023-05-02 15:23:16 +0530
Processing by TodoItemsController#create as HTML
  Parameters: {"utf8"=>"✓", "authenticity_token"=>"M0HBNWjq5NsDrSI4NcbRkzsUP8VL006PVWKFNhq7gHdjyzD1+xgWEGatdYzjcSWAvQm1tQxDMkolE1rtNGVDGA==", "todo_item"=>{"content"=>"First Task"}, "commit"=>"Create Todo item", "todo_list_id"=>"1"}
  [1m[36mTodoList Load (0.3ms)[0m  [1m[34mSELECT  "todo_lists".* FROM "todo_lists" WHERE "todo_lists"."id" = ? LIMIT ?[0m  [["id", 1], ["LIMIT", 1]]
  [1m[35m (0.1ms)[0m  [1m[36mbegin transaction[0m
  [1m[35mSQL (0.6ms)[0m  [1m[32mINSERT INTO "todo_items" ("content", "todo_list_id", "created_at", "updated_at") VALUES (?, ?, ?, ?)[0m  [["content", "First Task"], ["todo_list_id", 1], ["created_at", "2023-05-02 09:53:16.436019"], ["updated_at", "2023-05-02 09:53:16.436019"]]
  [1m[35m (0.7ms)[0m  [1m[36mcommit transaction[0m
Redirected to http://localhost:3000/todo_lists/1
Completed 302 Found in 12ms (ActiveRecord: 1.7ms)


Started GET "/todo_lists/1" for ::1 at 2023-05-02 15:23:16 +0530
Processing by TodoListsController#show as HTML
  Parameters: {"id"=>"1"}
  [1m[36mTodoList Load (0.1ms)[0m  [1m[34mSELECT  "todo_lists".* FROM "todo_lists" WHERE "todo_lists"."id" = ? LIMIT ?[0m  [["id", 1], ["LIMIT", 1]]
  Rendering todo_lists/show.html.erb within layouts/application
  [1m[36mTodoItem Load (0.1ms)[0m  [1m[34mSELECT "todo_items".* FROM "todo_items" WHERE "todo_items"."todo_list_id" = ?[0m  [["todo_list_id", 1]]
  Rendered collection of todo_items/_todo_item.html.erb [1 times] (0.5ms)
  Rendered todo_items/_form.html.erb (1.2ms)
  Rendered todo_lists/show.html.erb within layouts/application (3.7ms)
Completed 200 OK in 25ms (Views: 23.7ms | ActiveRecord: 0.1ms)


Started GET "/todo_lists/1" for ::1 at 2023-05-02 15:23:44 +0530
Processing by TodoListsController#show as HTML
  Parameters: {"id"=>"1"}
  [1m[36mTodoList Load (0.4ms)[0m  [1m[34mSELECT  "todo_lists".* FROM "todo_lists" WHERE "todo_lists"."id" = ? LIMIT ?[0m  [["id", 1], ["LIMIT", 1]]
  Rendering todo_lists/show.html.erb within layouts/application
  [1m[36mTodoItem Load (0.2ms)[0m  [1m[34mSELECT "todo_items".* FROM "todo_items" WHERE "todo_items"."todo_list_id" = ?[0m  [["todo_list_id", 1]]
  Rendered collection of todo_items/_todo_item.html.erb [1 times] (1.0ms)
  Rendered todo_items/_form.html.erb (2.4ms)
  Rendered todo_lists/show.html.erb within layouts/application (9.6ms)
Completed 200 OK in 37ms (Views: 32.0ms | ActiveRecord: 0.6ms)


Started DELETE "/todo_lists/1/todo_items/2" for ::1 at 2023-05-02 15:23:46 +0530
Processing by TodoItemsController#destroy as HTML
  Parameters: {"authenticity_token"=>"gca8Va0JVbwi8pv5UyQpUYT4OKDS5ch/G1D5sND6Gh3RTE2VPvund0fyzE2Fk91CAuWy0JV1tLprISZr/iTZcg==", "todo_list_id"=>"1", "id"=>"2"}
  [1m[36mTodoList Load (0.4ms)[0m  [1m[34mSELECT  "todo_lists".* FROM "todo_lists" WHERE "todo_lists"."id" = ? LIMIT ?[0m  [["id", 1], ["LIMIT", 1]]
  [1m[36mTodoItem Load (0.3ms)[0m  [1m[34mSELECT  "todo_items".* FROM "todo_items" WHERE "todo_items"."todo_list_id" = ? AND "todo_items"."id" = ? LIMIT ?[0m  [["todo_list_id", 1], ["id", 2], ["LIMIT", 1]]
  [1m[35m (0.1ms)[0m  [1m[36mbegin transaction[0m
  [1m[35mSQL (0.5ms)[0m  [1m[31mDELETE FROM "todo_items" WHERE "todo_items"."id" = ?[0m  [["id", 2]]
  [1m[35m (0.7ms)[0m  [1m[36mcommit transaction[0m
Redirected to http://localhost:3000/todo_lists/1
Completed 302 Found in 17ms (ActiveRecord: 1.9ms)


Started GET "/todo_lists/1" for ::1 at 2023-05-02 15:23:46 +0530
Processing by TodoListsController#show as HTML
  Parameters: {"id"=>"1"}
  [1m[36mTodoList Load (0.1ms)[0m  [1m[34mSELECT  "todo_lists".* FROM "todo_lists" WHERE "todo_lists"."id" = ? LIMIT ?[0m  [["id", 1], ["LIMIT", 1]]
  Rendering todo_lists/show.html.erb within layouts/application
  [1m[36mTodoItem Load (0.1ms)[0m  [1m[34mSELECT "todo_items".* FROM "todo_items" WHERE "todo_items"."todo_list_id" = ?[0m  [["todo_list_id", 1]]
  Rendered collection of templates [0 times] (0.0ms)
  Rendered todo_items/_form.html.erb (1.3ms)
  Rendered todo_lists/show.html.erb within layouts/application (4.3ms)
Completed 200 OK in 25ms (Views: 22.9ms | ActiveRecord: 0.2ms)


  [1m[35m (0.1ms)[0m  [1m[34mSELECT "schema_migrations"."version" FROM "schema_migrations" ORDER BY "schema_migrations"."version" ASC[0m
Migrating to AddCompletedAtToTodoItems (20230502095628)
  [1m[35m (0.0ms)[0m  [1m[36mbegin transaction[0m
  [1m[35m (0.5ms)[0m  [1m[35mALTER TABLE "todo_items" ADD "completed_at" datetime[0m
  [1m[35mSQL (0.1ms)[0m  [1m[32mINSERT INTO "schema_migrations" ("version") VALUES (?)[0m  [["version", "20230502095628"]]
  [1m[35m (0.2ms)[0m  [1m[36mcommit transaction[0m
  [1m[36mActiveRecord::InternalMetadata Load (0.1ms)[0m  [1m[34mSELECT  "ar_internal_metadata".* FROM "ar_internal_metadata" WHERE "ar_internal_metadata"."key" = ? LIMIT ?[0m  [["key", "environment"], ["LIMIT", 1]]
  [1m[35m (0.0ms)[0m  [1m[36mbegin transaction[0m
  [1m[35m (0.0ms)[0m  [1m[36mcommit transaction[0m
  [1m[35m (0.0ms)[0m  [1m[34mSELECT "schema_migrations"."version" FROM "schema_migrations" ORDER BY "schema_migrations"."version" ASC[0m
  [1m[35m (0.0ms)[0m  [1m[34m            SELECT sql
            FROM sqlite_master
            WHERE name='index_todo_items_on_todo_list_id' AND type='index'
            UNION ALL
            SELECT sql
            FROM sqlite_temp_master
            WHERE name='index_todo_items_on_todo_list_id' AND type='index'
[0m
Started GET "/todo_lists/1" for ::1 at 2023-05-02 15:41:22 +0530
  [1m[35m (0.1ms)[0m  [1m[34mSELECT "schema_migrations"."version" FROM "schema_migrations" ORDER BY "schema_migrations"."version" ASC[0m
Processing by TodoListsController#show as HTML
  Parameters: {"id"=>"1"}
  [1m[36mTodoList Load (0.1ms)[0m  [1m[34mSELECT  "todo_lists".* FROM "todo_lists" WHERE "todo_lists"."id" = ? LIMIT ?[0m  [["id", 1], ["LIMIT", 1]]
  Rendering todo_lists/show.html.erb within layouts/application
  [1m[36mTodoItem Load (0.2ms)[0m  [1m[34mSELECT "todo_items".* FROM "todo_items" WHERE "todo_items"."todo_list_id" = ?[0m  [["todo_list_id", 1]]
  Rendered collection of templates [0 times] (0.0ms)
  Rendered todo_items/_form.html.erb (7.5ms)
  Rendered todo_lists/show.html.erb within layouts/application (13.2ms)
Completed 200 OK in 48ms (Views: 35.9ms | ActiveRecord: 1.1ms)


Started GET "/todo_lists/1" for ::1 at 2023-05-02 15:41:47 +0530
Processing by TodoListsController#show as HTML
  Parameters: {"id"=>"1"}
  [1m[36mTodoList Load (0.3ms)[0m  [1m[34mSELECT  "todo_lists".* FROM "todo_lists" WHERE "todo_lists"."id" = ? LIMIT ?[0m  [["id", 1], ["LIMIT", 1]]
  Rendering todo_lists/show.html.erb within layouts/application
  [1m[36mTodoItem Load (0.2ms)[0m  [1m[34mSELECT "todo_items".* FROM "todo_items" WHERE "todo_items"."todo_list_id" = ?[0m  [["todo_list_id", 1]]
  Rendered collection of templates [0 times] (0.0ms)
  Rendered todo_items/_form.html.erb (3.0ms)
  Rendered todo_lists/show.html.erb within layouts/application (10.8ms)
Completed 200 OK in 55ms (Views: 48.0ms | ActiveRecord: 0.5ms)


Started GET "/todo_lists/1" for ::1 at 2023-05-02 15:42:52 +0530
Processing by TodoListsController#show as HTML
  Parameters: {"id"=>"1"}
  [1m[36mTodoList Load (0.3ms)[0m  [1m[34mSELECT  "todo_lists".* FROM "todo_lists" WHERE "todo_lists"."id" = ? LIMIT ?[0m  [["id", 1], ["LIMIT", 1]]
  Rendering todo_lists/show.html.erb within layouts/application
  [1m[36mTodoItem Load (0.1ms)[0m  [1m[34mSELECT "todo_items".* FROM "todo_items" WHERE "todo_items"."todo_list_id" = ?[0m  [["todo_list_id", 1]]
  Rendered collection of templates [0 times] (0.0ms)
  Rendered todo_items/_form.html.erb (2.5ms)
  Rendered todo_lists/show.html.erb within layouts/application (8.0ms)
Completed 200 OK in 45ms (Views: 38.6ms | ActiveRecord: 0.5ms)


Started GET "/todo_lists/1" for ::1 at 2023-05-02 15:45:34 +0530
Processing by TodoListsController#show as HTML
  Parameters: {"id"=>"1"}
  [1m[36mTodoList Load (0.3ms)[0m  [1m[34mSELECT  "todo_lists".* FROM "todo_lists" WHERE "todo_lists"."id" = ? LIMIT ?[0m  [["id", 1], ["LIMIT", 1]]
  Rendering todo_lists/show.html.erb within layouts/application
  [1m[36mTodoItem Load (0.2ms)[0m  [1m[34mSELECT "todo_items".* FROM "todo_items" WHERE "todo_items"."todo_list_id" = ?[0m  [["todo_list_id", 1]]
  Rendered collection of templates [0 times] (0.0ms)
  Rendered todo_items/_form.html.erb (3.9ms)
  Rendered todo_lists/show.html.erb within layouts/application (10.2ms)
Completed 200 OK in 48ms (Views: 42.4ms | ActiveRecord: 0.5ms)


Started GET "/todo_lists/1" for ::1 at 2023-05-02 15:45:35 +0530
Processing by TodoListsController#show as HTML
  Parameters: {"id"=>"1"}
  [1m[36mTodoList Load (0.4ms)[0m  [1m[34mSELECT  "todo_lists".* FROM "todo_lists" WHERE "todo_lists"."id" = ? LIMIT ?[0m  [["id", 1], ["LIMIT", 1]]
  Rendering todo_lists/show.html.erb within layouts/application
  [1m[36mTodoItem Load (0.2ms)[0m  [1m[34mSELECT "todo_items".* FROM "todo_items" WHERE "todo_items"."todo_list_id" = ?[0m  [["todo_list_id", 1]]
  Rendered collection of templates [0 times] (0.0ms)
  Rendered todo_items/_form.html.erb (4.0ms)
  Rendered todo_lists/show.html.erb within layouts/application (10.1ms)
Completed 200 OK in 52ms (Views: 46.6ms | ActiveRecord: 0.6ms)


Started GET "/todo_lists/1" for ::1 at 2023-05-02 15:45:36 +0530
Processing by TodoListsController#show as HTML
  Parameters: {"id"=>"1"}
  [1m[36mTodoList Load (0.3ms)[0m  [1m[34mSELECT  "todo_lists".* FROM "todo_lists" WHERE "todo_lists"."id" = ? LIMIT ?[0m  [["id", 1], ["LIMIT", 1]]
  Rendering todo_lists/show.html.erb within layouts/application
  [1m[36mTodoItem Load (0.3ms)[0m  [1m[34mSELECT "todo_items".* FROM "todo_items" WHERE "todo_items"."todo_list_id" = ?[0m  [["todo_list_id", 1]]
  Rendered collection of templates [0 times] (0.0ms)
  Rendered todo_items/_form.html.erb (4.1ms)
  Rendered todo_lists/show.html.erb within layouts/application (10.3ms)
Completed 200 OK in 46ms (Views: 40.6ms | ActiveRecord: 0.6ms)


Started GET "/todo_lists" for ::1 at 2023-05-02 15:47:53 +0530
Processing by TodoListsController#index as HTML
  Rendering todo_lists/index.html.erb within layouts/application
  [1m[36mTodoList Load (0.6ms)[0m  [1m[34mSELECT "todo_lists".* FROM "todo_lists"[0m
  Rendered todo_lists/index.html.erb within layouts/application (6.6ms)
Completed 200 OK in 41ms (Views: 36.9ms | ActiveRecord: 0.6ms)


Started GET "/todo_lists/1" for ::1 at 2023-05-02 15:47:57 +0530
Processing by TodoListsController#show as HTML
  Parameters: {"id"=>"1"}
  [1m[36mTodoList Load (0.2ms)[0m  [1m[34mSELECT  "todo_lists".* FROM "todo_lists" WHERE "todo_lists"."id" = ? LIMIT ?[0m  [["id", 1], ["LIMIT", 1]]
  Rendering todo_lists/show.html.erb within layouts/application
  [1m[36mTodoItem Load (0.1ms)[0m  [1m[34mSELECT "todo_items".* FROM "todo_items" WHERE "todo_items"."todo_list_id" = ?[0m  [["todo_list_id", 1]]
  Rendered collection of templates [0 times] (0.0ms)
  Rendered todo_items/_form.html.erb (2.8ms)
  Rendered todo_lists/show.html.erb within layouts/application (8.5ms)
Completed 200 OK in 42ms (Views: 37.8ms | ActiveRecord: 0.3ms)


Started GET "/todo_lists/1/edit" for ::1 at 2023-05-02 15:48:00 +0530
Processing by TodoListsController#edit as HTML
  Parameters: {"id"=>"1"}
  [1m[36mTodoList Load (0.2ms)[0m  [1m[34mSELECT  "todo_lists".* FROM "todo_lists" WHERE "todo_lists"."id" = ? LIMIT ?[0m  [["id", 1], ["LIMIT", 1]]
  Rendering todo_lists/edit.html.erb within layouts/application
  Rendered todo_lists/_form.html.erb (6.2ms)
  Rendered todo_lists/edit.html.erb within layouts/application (9.8ms)
Completed 200 OK in 48ms (Views: 42.6ms | ActiveRecord: 0.2ms)


Started GET "/todo_lists/1" for ::1 at 2023-05-02 15:48:04 +0530
Processing by TodoListsController#show as HTML
  Parameters: {"id"=>"1"}
  [1m[36mTodoList Load (0.3ms)[0m  [1m[34mSELECT  "todo_lists".* FROM "todo_lists" WHERE "todo_lists"."id" = ? LIMIT ?[0m  [["id", 1], ["LIMIT", 1]]
  Rendering todo_lists/show.html.erb within layouts/application
  [1m[36mTodoItem Load (0.2ms)[0m  [1m[34mSELECT "todo_items".* FROM "todo_items" WHERE "todo_items"."todo_list_id" = ?[0m  [["todo_list_id", 1]]
  Rendered collection of templates [0 times] (0.0ms)
  Rendered todo_items/_form.html.erb (4.4ms)
  Rendered todo_lists/show.html.erb within layouts/application (10.2ms)
Completed 200 OK in 45ms (Views: 41.0ms | ActiveRecord: 0.5ms)


Started POST "/todo_lists/1/todo_items" for ::1 at 2023-05-02 15:52:26 +0530
Processing by TodoItemsController#create as HTML
  Parameters: {"utf8"=>"✓", "authenticity_token"=>"FtN1dxNnFiiBdaCApzWOjzY7Bkd0SjRv+1DQPmpovbcauXn9JM3uD6xQPkM6ChXtb6cisuls/pIDD8qqNNlICA==", "todo_item"=>{"content"=>"Task 1"}, "commit"=>"Create Todo item", "todo_list_id"=>"1"}
  [1m[36mTodoList Load (0.4ms)[0m  [1m[34mSELECT  "todo_lists".* FROM "todo_lists" WHERE "todo_lists"."id" = ? LIMIT ?[0m  [["id", 1], ["LIMIT", 1]]
  [1m[35m (0.2ms)[0m  [1m[36mbegin transaction[0m
  [1m[35mSQL (0.7ms)[0m  [1m[32mINSERT INTO "todo_items" ("content", "todo_list_id", "created_at", "updated_at") VALUES (?, ?, ?, ?)[0m  [["content", "Task 1"], ["todo_list_id", 1], ["created_at", "2023-05-02 10:22:26.211359"], ["updated_at", "2023-05-02 10:22:26.211359"]]
  [1m[35m (0.5ms)[0m  [1m[36mcommit transaction[0m
Redirected to http://localhost:3000/todo_lists/1
Completed 302 Found in 12ms (ActiveRecord: 1.8ms)


Started GET "/todo_lists/1" for ::1 at 2023-05-02 15:52:26 +0530
Processing by TodoListsController#show as HTML
  Parameters: {"id"=>"1"}
  [1m[36mTodoList Load (0.2ms)[0m  [1m[34mSELECT  "todo_lists".* FROM "todo_lists" WHERE "todo_lists"."id" = ? LIMIT ?[0m  [["id", 1], ["LIMIT", 1]]
  Rendering todo_lists/show.html.erb within layouts/application
  [1m[36mTodoItem Load (0.1ms)[0m  [1m[34mSELECT "todo_items".* FROM "todo_items" WHERE "todo_items"."todo_list_id" = ?[0m  [["todo_list_id", 1]]
  Rendered collection of todo_items/_todo_item.html.erb [1 times] (1.0ms)
  Rendered todo_items/_form.html.erb (1.8ms)
  Rendered todo_lists/show.html.erb within layouts/application (12.2ms)
Completed 200 OK in 35ms (Views: 33.2ms | ActiveRecord: 0.3ms)


Started POST "/todo_lists/1/todo_items" for ::1 at 2023-05-02 15:59:52 +0530
Processing by TodoItemsController#create as HTML
  Parameters: {"utf8"=>"✓", "authenticity_token"=>"55nP0FerwukrteslQdVyUTfLePgr7L/0xfze0CS2QJm3Ez4QxFkwIk61vJGXYoZCsdbyiGx8wzG1jQELCmiD9g==", "todo_item"=>{"content"=>"Task 2"}, "commit"=>"Create Todo item", "todo_list_id"=>"1"}
  [1m[36mTodoList Load (0.3ms)[0m  [1m[34mSELECT  "todo_lists".* FROM "todo_lists" WHERE "todo_lists"."id" = ? LIMIT ?[0m  [["id", 1], ["LIMIT", 1]]
  [1m[35m (0.0ms)[0m  [1m[36mbegin transaction[0m
  [1m[35mSQL (0.3ms)[0m  [1m[32mINSERT INTO "todo_items" ("content", "todo_list_id", "created_at", "updated_at") VALUES (?, ?, ?, ?)[0m  [["content", "Task 2"], ["todo_list_id", 1], ["created_at", "2023-05-02 10:29:52.301434"], ["updated_at", "2023-05-02 10:29:52.301434"]]
  [1m[35m (0.5ms)[0m  [1m[36mcommit transaction[0m
Redirected to http://localhost:3000/todo_lists/1
Completed 302 Found in 25ms (ActiveRecord: 2.1ms)


Started GET "/todo_lists/1" for ::1 at 2023-05-02 15:59:52 +0530
Processing by TodoListsController#show as HTML
  Parameters: {"id"=>"1"}
  [1m[36mTodoList Load (0.1ms)[0m  [1m[34mSELECT  "todo_lists".* FROM "todo_lists" WHERE "todo_lists"."id" = ? LIMIT ?[0m  [["id", 1], ["LIMIT", 1]]
  Rendering todo_lists/show.html.erb within layouts/application
  [1m[36mTodoItem Load (0.1ms)[0m  [1m[34mSELECT "todo_items".* FROM "todo_items" WHERE "todo_items"."todo_list_id" = ?[0m  [["todo_list_id", 1]]
  Rendered collection of todo_items/_todo_item.html.erb [2 times] (1.0ms)
  Rendered todo_items/_form.html.erb (1.5ms)
  Rendered todo_lists/show.html.erb within layouts/application (5.4ms)
Completed 200 OK in 24ms (Views: 22.4ms | ActiveRecord: 0.2ms)


Started PATCH "/todo_lists/1/todo_items/4/complete" for ::1 at 2023-05-02 15:59:54 +0530
Processing by TodoItemsController#complete as HTML
  Parameters: {"authenticity_token"=>"YRvd8qEgZWufW1aEtS7MXsFJYDE04F4qcirzIjBeoNAxkSwyMtKXoPpbATBjmThNR1TqQXNwIu8CWyz5HoBjvw==", "todo_list_id"=>"1", "id"=>"4"}
  [1m[36mTodoList Load (0.6ms)[0m  [1m[34mSELECT  "todo_lists".* FROM "todo_lists" WHERE "todo_lists"."id" = ? LIMIT ?[0m  [["id", 1], ["LIMIT", 1]]
  [1m[36mTodoItem Load (1.3ms)[0m  [1m[34mSELECT  "todo_items".* FROM "todo_items" WHERE "todo_items"."todo_list_id" = ? AND "todo_items"."id" = ? LIMIT ?[0m  [["todo_list_id", 1], ["id", 4], ["LIMIT", 1]]
  [1m[35m (0.1ms)[0m  [1m[36mbegin transaction[0m
  [1m[35mSQL (0.5ms)[0m  [1m[33mUPDATE "todo_items" SET "completed_at" = ?, "updated_at" = ? WHERE "todo_items"."id" = ?[0m  [["completed_at", "2023-05-02 10:29:54.210410"], ["updated_at", "2023-05-02 10:29:54.211874"], ["id", 4]]
  [1m[35m (0.9ms)[0m  [1m[36mcommit transaction[0m
Redirected to http://localhost:3000/todo_lists/1
Completed 302 Found in 24ms (ActiveRecord: 3.3ms)


Started GET "/todo_lists/1" for ::1 at 2023-05-02 15:59:54 +0530
Processing by TodoListsController#show as HTML
  Parameters: {"id"=>"1"}
  [1m[36mTodoList Load (0.2ms)[0m  [1m[34mSELECT  "todo_lists".* FROM "todo_lists" WHERE "todo_lists"."id" = ? LIMIT ?[0m  [["id", 1], ["LIMIT", 1]]
  Rendering todo_lists/show.html.erb within layouts/application
  [1m[36mTodoItem Load (0.2ms)[0m  [1m[34mSELECT "todo_items".* FROM "todo_items" WHERE "todo_items"."todo_list_id" = ?[0m  [["todo_list_id", 1]]
  Rendered collection of todo_items/_todo_item.html.erb [2 times] (2.0ms)
  Rendered todo_items/_form.html.erb (2.4ms)
  Rendered todo_lists/show.html.erb within layouts/application (9.3ms)
Completed 200 OK in 35ms (Views: 32.4ms | ActiveRecord: 0.3ms)


Started GET "/todo_lists/1" for ::1 at 2023-05-02 16:09:45 +0530
Processing by TodoListsController#show as HTML
  Parameters: {"id"=>"1"}
  [1m[36mTodoList Load (1.4ms)[0m  [1m[34mSELECT  "todo_lists".* FROM "todo_lists" WHERE "todo_lists"."id" = ? LIMIT ?[0m  [["id", 1], ["LIMIT", 1]]
  Rendering todo_lists/show.html.erb within layouts/application
  [1m[36mTodoItem Load (0.1ms)[0m  [1m[34mSELECT "todo_items".* FROM "todo_items" WHERE "todo_items"."todo_list_id" = ?[0m  [["todo_list_id", 1]]
  Rendered collection of todo_items/_todo_item.html.erb [2 times] (1.2ms)
  Rendered todo_items/_form.html.erb (1.5ms)
  Rendered todo_lists/show.html.erb within layouts/application (6.1ms)
Completed 200 OK in 103ms (Views: 99.6ms | ActiveRecord: 1.4ms)


Started GET "/" for ::1 at 2023-05-02 16:10:06 +0530
Processing by TodoListsController#index as HTML
  Rendering todo_lists/index.html.erb within layouts/application
  [1m[36mTodoList Load (2.8ms)[0m  [1m[34mSELECT "todo_lists".* FROM "todo_lists"[0m
  Rendered todo_lists/index.html.erb within layouts/application (7.9ms)
Completed 200 OK in 33ms (Views: 25.6ms | ActiveRecord: 2.8ms)


Started GET "/" for ::1 at 2023-05-02 16:10:36 +0530
Processing by TodoListsController#index as HTML
  Rendering todo_lists/index.html.erb within layouts/application
  [1m[36mTodoList Load (0.7ms)[0m  [1m[34mSELECT "todo_lists".* FROM "todo_lists"[0m
  Rendered todo_lists/index.html.erb within layouts/application (3.9ms)
Completed 200 OK in 48ms (Views: 44.7ms | ActiveRecord: 0.7ms)


Started GET "/todo_lists/new" for ::1 at 2023-05-02 16:12:14 +0530
Processing by TodoListsController#new as HTML
  Rendering todo_lists/new.html.erb within layouts/application
  Rendered todo_lists/_form.html.erb (6.8ms)
  Rendered todo_lists/new.html.erb within layouts/application (10.5ms)
Completed 200 OK in 63ms (Views: 59.2ms | ActiveRecord: 0.0ms)


Started GET "/todo_lists/1" for ::1 at 2023-05-02 16:13:19 +0530
Processing by TodoListsController#show as HTML
  Parameters: {"id"=>"1"}
  [1m[36mTodoList Load (0.9ms)[0m  [1m[34mSELECT  "todo_lists".* FROM "todo_lists" WHERE "todo_lists"."id" = ? LIMIT ?[0m  [["id", 1], ["LIMIT", 1]]
  Rendering todo_lists/show.html.erb within layouts/application
  [1m[36mTodoItem Load (0.2ms)[0m  [1m[34mSELECT "todo_items".* FROM "todo_items" WHERE "todo_items"."todo_list_id" = ?[0m  [["todo_list_id", 1]]
  Rendered collection of todo_items/_todo_item.html.erb [2 times] (2.4ms)
  Rendered todo_items/_form.html.erb (3.0ms)
  Rendered todo_lists/show.html.erb within layouts/application (12.2ms)
Completed 200 OK in 43ms (Views: 35.3ms | ActiveRecord: 1.1ms)


Started GET "/todo_lists/1" for ::1 at 2023-05-02 16:15:06 +0530
Processing by TodoListsController#show as HTML
  Parameters: {"id"=>"1"}
  [1m[36mTodoList Load (1.0ms)[0m  [1m[34mSELECT  "todo_lists".* FROM "todo_lists" WHERE "todo_lists"."id" = ? LIMIT ?[0m  [["id", 1], ["LIMIT", 1]]
  Rendering todo_lists/show.html.erb within layouts/application
  [1m[36mTodoItem Load (0.2ms)[0m  [1m[34mSELECT "todo_items".* FROM "todo_items" WHERE "todo_items"."todo_list_id" = ?[0m  [["todo_list_id", 1]]
  Rendered collection of todo_items/_todo_item.html.erb [2 times] (3.0ms)
  Rendered todo_items/_form.html.erb (3.1ms)
  Rendered todo_lists/show.html.erb within layouts/application (14.0ms)
Completed 200 OK in 48ms (Views: 40.7ms | ActiveRecord: 1.2ms)


Started GET "/todo_lists/1" for ::1 at 2023-05-02 16:15:54 +0530
Processing by TodoListsController#show as HTML
  Parameters: {"id"=>"1"}
  [1m[36mTodoList Load (0.7ms)[0m  [1m[34mSELECT  "todo_lists".* FROM "todo_lists" WHERE "todo_lists"."id" = ? LIMIT ?[0m  [["id", 1], ["LIMIT", 1]]
  Rendering todo_lists/show.html.erb within layouts/application
  [1m[36mTodoItem Load (0.3ms)[0m  [1m[34mSELECT "todo_items".* FROM "todo_items" WHERE "todo_items"."todo_list_id" = ?[0m  [["todo_list_id", 1]]
  Rendered collection of todo_items/_todo_item.html.erb [2 times] (3.3ms)
  Rendered todo_items/_form.html.erb (2.8ms)
  Rendered todo_lists/show.html.erb within layouts/application (14.4ms)
Completed 200 OK in 44ms (Views: 38.7ms | ActiveRecord: 1.1ms)


Started PATCH "/todo_lists/1/todo_items/3/complete" for ::1 at 2023-05-02 16:15:58 +0530
Processing by TodoItemsController#complete as HTML
  Parameters: {"authenticity_token"=>"9VOu/PG2nWtCi3RWk6io1w6O7mkxXQAOJv27qFwFo2al2V88YkRvoCeLI+JFH1zEiJNkGXbNfMtWjGRzcttgCQ==", "todo_list_id"=>"1", "id"=>"3"}
  [1m[36mTodoList Load (0.3ms)[0m  [1m[34mSELECT  "todo_lists".* FROM "todo_lists" WHERE "todo_lists"."id" = ? LIMIT ?[0m  [["id", 1], ["LIMIT", 1]]
  [1m[36mTodoItem Load (0.3ms)[0m  [1m[34mSELECT  "todo_items".* FROM "todo_items" WHERE "todo_items"."todo_list_id" = ? AND "todo_items"."id" = ? LIMIT ?[0m  [["todo_list_id", 1], ["id", 3], ["LIMIT", 1]]
  [1m[35m (0.1ms)[0m  [1m[36mbegin transaction[0m
  [1m[35mSQL (2.0ms)[0m  [1m[33mUPDATE "todo_items" SET "completed_at" = ?, "updated_at" = ? WHERE "todo_items"."id" = ?[0m  [["completed_at", "2023-05-02 10:45:58.634702"], ["updated_at", "2023-05-02 10:45:58.635885"], ["id", 3]]
  [1m[35m (0.8ms)[0m  [1m[36mcommit transaction[0m
Redirected to http://localhost:3000/todo_lists/1
Completed 302 Found in 16ms (ActiveRecord: 3.6ms)


Started GET "/todo_lists/1" for ::1 at 2023-05-02 16:15:58 +0530
Processing by TodoListsController#show as HTML
  Parameters: {"id"=>"1"}
  [1m[36mTodoList Load (0.2ms)[0m  [1m[34mSELECT  "todo_lists".* FROM "todo_lists" WHERE "todo_lists"."id" = ? LIMIT ?[0m  [["id", 1], ["LIMIT", 1]]
  Rendering todo_lists/show.html.erb within layouts/application
  [1m[36mTodoItem Load (0.1ms)[0m  [1m[34mSELECT "todo_items".* FROM "todo_items" WHERE "todo_items"."todo_list_id" = ?[0m  [["todo_list_id", 1]]
  Rendered collection of todo_items/_todo_item.html.erb [2 times] (2.2ms)
  Rendered todo_items/_form.html.erb (2.4ms)
  Rendered todo_lists/show.html.erb within layouts/application (9.2ms)
Completed 200 OK in 31ms (Views: 28.4ms | ActiveRecord: 0.3ms)


Started PATCH "/todo_lists/1/todo_items/3/complete" for ::1 at 2023-05-02 16:15:59 +0530
Processing by TodoItemsController#complete as HTML
  Parameters: {"authenticity_token"=>"IvOeE1zCClYqzeOrTP8LVCUL/1As7dF8SWbfRHfO/O9yeW/TzzD4nU/NtB+aSP9HoxZ1IGt9rbk5FwCfWRA/gA==", "todo_list_id"=>"1", "id"=>"3"}
  [1m[36mTodoList Load (0.4ms)[0m  [1m[34mSELECT  "todo_lists".* FROM "todo_lists" WHERE "todo_lists"."id" = ? LIMIT ?[0m  [["id", 1], ["LIMIT", 1]]
  [1m[36mTodoItem Load (0.5ms)[0m  [1m[34mSELECT  "todo_items".* FROM "todo_items" WHERE "todo_items"."todo_list_id" = ? AND "todo_items"."id" = ? LIMIT ?[0m  [["todo_list_id", 1], ["id", 3], ["LIMIT", 1]]
  [1m[35m (0.2ms)[0m  [1m[36mbegin transaction[0m
  [1m[35mSQL (0.7ms)[0m  [1m[33mUPDATE "todo_items" SET "completed_at" = ?, "updated_at" = ? WHERE "todo_items"."id" = ?[0m  [["completed_at", "2023-05-02 10:45:59.924459"], ["updated_at", "2023-05-02 10:45:59.926176"], ["id", 3]]
  [1m[35m (1.1ms)[0m  [1m[36mcommit transaction[0m
Redirected to http://localhost:3000/todo_lists/1
Completed 302 Found in 17ms (ActiveRecord: 2.9ms)


Started GET "/todo_lists/1" for ::1 at 2023-05-02 16:15:59 +0530
Processing by TodoListsController#show as HTML
  Parameters: {"id"=>"1"}
  [1m[36mTodoList Load (0.2ms)[0m  [1m[34mSELECT  "todo_lists".* FROM "todo_lists" WHERE "todo_lists"."id" = ? LIMIT ?[0m  [["id", 1], ["LIMIT", 1]]
  Rendering todo_lists/show.html.erb within layouts/application
  [1m[36mTodoItem Load (0.1ms)[0m  [1m[34mSELECT "todo_items".* FROM "todo_items" WHERE "todo_items"."todo_list_id" = ?[0m  [["todo_list_id", 1]]
  Rendered collection of todo_items/_todo_item.html.erb [2 times] (1.4ms)
  Rendered todo_items/_form.html.erb (1.5ms)
  Rendered todo_lists/show.html.erb within layouts/application (5.7ms)
Completed 200 OK in 22ms (Views: 19.2ms | ActiveRecord: 0.3ms)


Started GET "/todo_lists/1" for ::1 at 2023-05-02 16:18:28 +0530
Processing by TodoListsController#show as HTML
  Parameters: {"id"=>"1"}
  [1m[36mTodoList Load (0.4ms)[0m  [1m[34mSELECT  "todo_lists".* FROM "todo_lists" WHERE "todo_lists"."id" = ? LIMIT ?[0m  [["id", 1], ["LIMIT", 1]]
  Rendering todo_lists/show.html.erb within layouts/application
  [1m[36mTodoItem Load (0.2ms)[0m  [1m[34mSELECT "todo_items".* FROM "todo_items" WHERE "todo_items"."todo_list_id" = ?[0m  [["todo_list_id", 1]]
  Rendered collection of todo_items/_todo_item.html.erb [2 times] (3.7ms)
  Rendered todo_items/_form.html.erb (3.5ms)
  Rendered todo_lists/show.html.erb within layouts/application (14.6ms)
Completed 200 OK in 49ms (Views: 42.3ms | ActiveRecord: 0.5ms)


Started POST "/todo_lists/1/todo_items" for ::1 at 2023-05-02 16:19:57 +0530
Processing by TodoItemsController#create as HTML
  Parameters: {"utf8"=>"✓", "authenticity_token"=>"4envZ/WCk1pNUT4xleRUMyoqOVliLHytM0Pg597ApEWxYx6nZnBhkShRaYVDU6AgrDezKSW8AGhDMj888B5nKg==", "todo_item"=>{"content"=>"Task 3"}, "commit"=>"Create Todo item", "todo_list_id"=>"1"}
  [1m[36mTodoList Load (0.3ms)[0m  [1m[34mSELECT  "todo_lists".* FROM "todo_lists" WHERE "todo_lists"."id" = ? LIMIT ?[0m  [["id", 1], ["LIMIT", 1]]
  [1m[35m (0.1ms)[0m  [1m[36mbegin transaction[0m
  [1m[35mSQL (1.2ms)[0m  [1m[32mINSERT INTO "todo_items" ("content", "todo_list_id", "created_at", "updated_at") VALUES (?, ?, ?, ?)[0m  [["content", "Task 3"], ["todo_list_id", 1], ["created_at", "2023-05-02 10:49:57.163676"], ["updated_at", "2023-05-02 10:49:57.163676"]]
  [1m[35m (1.8ms)[0m  [1m[36mcommit transaction[0m
Redirected to http://localhost:3000/todo_lists/1
Completed 302 Found in 12ms (ActiveRecord: 3.4ms)


Started GET "/todo_lists/1" for ::1 at 2023-05-02 16:19:57 +0530
Processing by TodoListsController#show as HTML
  Parameters: {"id"=>"1"}
  [1m[36mTodoList Load (0.1ms)[0m  [1m[34mSELECT  "todo_lists".* FROM "todo_lists" WHERE "todo_lists"."id" = ? LIMIT ?[0m  [["id", 1], ["LIMIT", 1]]
  Rendering todo_lists/show.html.erb within layouts/application
  [1m[36mTodoItem Load (0.1ms)[0m  [1m[34mSELECT "todo_items".* FROM "todo_items" WHERE "todo_items"."todo_list_id" = ?[0m  [["todo_list_id", 1]]
  Rendered collection of todo_items/_todo_item.html.erb [3 times] (1.5ms)
  Rendered todo_items/_form.html.erb (1.4ms)
  Rendered todo_lists/show.html.erb within layouts/application (5.8ms)
Completed 200 OK in 26ms (Views: 24.3ms | ActiveRecord: 0.2ms)


Started GET "/todo_lists/1" for ::1 at 2023-05-02 16:25:48 +0530
Processing by TodoListsController#show as HTML
  Parameters: {"id"=>"1"}
  [1m[36mTodoList Load (0.3ms)[0m  [1m[34mSELECT  "todo_lists".* FROM "todo_lists" WHERE "todo_lists"."id" = ? LIMIT ?[0m  [["id", 1], ["LIMIT", 1]]
  Rendering todo_lists/show.html.erb within layouts/application
  Rendered todo_lists/show.html.erb within layouts/application (2.5ms)
Completed 500 Internal Server Error in 12ms (ActiveRecord: 0.3ms)


  
SyntaxError (/Users/prathamjamnal/Downloads/Pratham/Test/todo/app/views/todo_lists/show.html.erb:14: syntax error, unexpected symbol literal, expecting `do' or '{' or '('
...list_path(@todo_list), method :delete,data: {confirm: "Are y...
...                              ^
):
  
app/views/todo_lists/show.html.erb:14: syntax error, unexpected symbol literal, expecting `do' or '{' or '('
Started GET "/todo_lists/1" for ::1 at 2023-05-02 16:26:22 +0530
Processing by TodoListsController#show as HTML
  Parameters: {"id"=>"1"}
  [1m[36mTodoList Load (0.3ms)[0m  [1m[34mSELECT  "todo_lists".* FROM "todo_lists" WHERE "todo_lists"."id" = ? LIMIT ?[0m  [["id", 1], ["LIMIT", 1]]
  Rendering todo_lists/show.html.erb within layouts/application
  [1m[36mTodoItem Load (0.3ms)[0m  [1m[34mSELECT "todo_items".* FROM "todo_items" WHERE "todo_items"."todo_list_id" = ?[0m  [["todo_list_id", 1]]
  Rendered collection of todo_items/_todo_item.html.erb [3 times] (4.1ms)
  Rendered todo_items/_form.html.erb (1.7ms)
  Rendered todo_lists/show.html.erb within layouts/application (13.7ms)
Completed 200 OK in 36ms (Views: 30.5ms | ActiveRecord: 0.5ms)


Started POST "/todo_lists/1/todo_items" for ::1 at 2023-05-02 16:28:36 +0530
Processing by TodoItemsController#create as HTML
  Parameters: {"utf8"=>"✓", "authenticity_token"=>"0A42tKFclme5ujUvvx/FmC1mfs/wOE6YgTzMji9DCbGAhMd0Mq5krNy6YptpqDGLq3v0v7eoMl3xTRNVAZ3K3g==", "todo_item"=>{"content"=>""}, "commit"=>"Create Todo item", "todo_list_id"=>"1"}
  [1m[36mTodoList Load (0.3ms)[0m  [1m[34mSELECT  "todo_lists".* FROM "todo_lists" WHERE "todo_lists"."id" = ? LIMIT ?[0m  [["id", 1], ["LIMIT", 1]]
  [1m[35m (0.1ms)[0m  [1m[36mbegin transaction[0m
  [1m[35mSQL (0.3ms)[0m  [1m[32mINSERT INTO "todo_items" ("content", "todo_list_id", "created_at", "updated_at") VALUES (?, ?, ?, ?)[0m  [["content", ""], ["todo_list_id", 1], ["created_at", "2023-05-02 10:58:36.229476"], ["updated_at", "2023-05-02 10:58:36.229476"]]
  [1m[35m (1.4ms)[0m  [1m[36mcommit transaction[0m
Redirected to http://localhost:3000/todo_lists/1
Completed 302 Found in 26ms (ActiveRecord: 3.5ms)


Started GET "/todo_lists/1" for ::1 at 2023-05-02 16:28:36 +0530
Processing by TodoListsController#show as HTML
  Parameters: {"id"=>"1"}
  [1m[36mTodoList Load (0.1ms)[0m  [1m[34mSELECT  "todo_lists".* FROM "todo_lists" WHERE "todo_lists"."id" = ? LIMIT ?[0m  [["id", 1], ["LIMIT", 1]]
  Rendering todo_lists/show.html.erb within layouts/application
  [1m[36mTodoItem Load (0.3ms)[0m  [1m[34mSELECT "todo_items".* FROM "todo_items" WHERE "todo_items"."todo_list_id" = ?[0m  [["todo_list_id", 1]]
  Rendered collection of todo_items/_todo_item.html.erb [4 times] (1.5ms)
  Rendered todo_items/_form.html.erb (1.5ms)
  Rendered todo_lists/show.html.erb within layouts/application (6.4ms)
Completed 200 OK in 22ms (Views: 20.4ms | ActiveRecord: 0.4ms)


Started DELETE "/todo_lists/1/todo_items/6" for ::1 at 2023-05-02 16:28:40 +0530
Processing by TodoItemsController#destroy as HTML
  Parameters: {"authenticity_token"=>"uN5lz7ZjukRqWQbATm3INbBiszeLjxnKwM0ErOjNbWvoVJQPJZFIjw9ZUXSY2jwmNn85R8wfZQ+wvNt3xhOuBA==", "todo_list_id"=>"1", "id"=>"6"}
  [1m[36mTodoList Load (0.3ms)[0m  [1m[34mSELECT  "todo_lists".* FROM "todo_lists" WHERE "todo_lists"."id" = ? LIMIT ?[0m  [["id", 1], ["LIMIT", 1]]
  [1m[36mTodoItem Load (0.4ms)[0m  [1m[34mSELECT  "todo_items".* FROM "todo_items" WHERE "todo_items"."todo_list_id" = ? AND "todo_items"."id" = ? LIMIT ?[0m  [["todo_list_id", 1], ["id", 6], ["LIMIT", 1]]
  [1m[35m (0.2ms)[0m  [1m[36mbegin transaction[0m
  [1m[35mSQL (0.7ms)[0m  [1m[31mDELETE FROM "todo_items" WHERE "todo_items"."id" = ?[0m  [["id", 6]]
  [1m[35m (0.9ms)[0m  [1m[36mcommit transaction[0m
Redirected to http://localhost:3000/todo_lists/1
Completed 302 Found in 17ms (ActiveRecord: 2.4ms)


Started GET "/todo_lists/1" for ::1 at 2023-05-02 16:28:40 +0530
Processing by TodoListsController#show as HTML
  Parameters: {"id"=>"1"}
  [1m[36mTodoList Load (0.2ms)[0m  [1m[34mSELECT  "todo_lists".* FROM "todo_lists" WHERE "todo_lists"."id" = ? LIMIT ?[0m  [["id", 1], ["LIMIT", 1]]
  Rendering todo_lists/show.html.erb within layouts/application
  [1m[36mTodoItem Load (0.1ms)[0m  [1m[34mSELECT "todo_items".* FROM "todo_items" WHERE "todo_items"."todo_list_id" = ?[0m  [["todo_list_id", 1]]
  Rendered collection of todo_items/_todo_item.html.erb [3 times] (2.9ms)
  Rendered todo_items/_form.html.erb (2.2ms)
  Rendered todo_lists/show.html.erb within layouts/application (9.9ms)
Completed 200 OK in 31ms (Views: 28.9ms | ActiveRecord: 0.3ms)


Started GET "/todo_lists" for ::1 at 2023-05-02 16:28:42 +0530
Processing by TodoListsController#index as HTML
  Rendering todo_lists/index.html.erb within layouts/application
  [1m[36mTodoList Load (0.3ms)[0m  [1m[34mSELECT "todo_lists".* FROM "todo_lists"[0m
  Rendered todo_lists/index.html.erb within layouts/application (4.3ms)
Completed 200 OK in 31ms (Views: 27.7ms | ActiveRecord: 0.3ms)


Started GET "/todo_lists/new" for ::1 at 2023-05-02 16:28:43 +0530
Processing by TodoListsController#new as HTML
  Rendering todo_lists/new.html.erb within layouts/application
  Rendered todo_lists/_form.html.erb (6.1ms)
  Rendered todo_lists/new.html.erb within layouts/application (9.0ms)
Completed 200 OK in 31ms (Views: 27.5ms | ActiveRecord: 0.0ms)


Started POST "/todo_lists" for ::1 at 2023-05-02 16:28:55 +0530
Processing by TodoListsController#create as HTML
  Parameters: {"utf8"=>"✓", "authenticity_token"=>"uUjNWe4cC9bx1YM/cf+fK3Iz9MN+9DMNKZKGg/6hdKuddeC+33BD5C8HIdCiYVCPAVo6a3ShxwOGWX77eNZgMQ==", "todo_list"=>{"title"=>"Task 4", "description"=>"Check everything"}, "commit"=>"Create Todo list"}
  [1m[35m (0.1ms)[0m  [1m[36mbegin transaction[0m
  [1m[35mSQL (0.8ms)[0m  [1m[32mINSERT INTO "todo_lists" ("title", "description", "created_at", "updated_at") VALUES (?, ?, ?, ?)[0m  [["title", "Task 4"], ["description", "Check everything"], ["created_at", "2023-05-02 10:58:55.366169"], ["updated_at", "2023-05-02 10:58:55.366169"]]
  [1m[35m (1.1ms)[0m  [1m[36mcommit transaction[0m
Redirected to http://localhost:3000/todo_lists/2
Completed 302 Found in 11ms (ActiveRecord: 2.0ms)


Started GET "/todo_lists/2" for ::1 at 2023-05-02 16:28:55 +0530
Processing by TodoListsController#show as HTML
  Parameters: {"id"=>"2"}
  [1m[36mTodoList Load (0.2ms)[0m  [1m[34mSELECT  "todo_lists".* FROM "todo_lists" WHERE "todo_lists"."id" = ? LIMIT ?[0m  [["id", 2], ["LIMIT", 1]]
  Rendering todo_lists/show.html.erb within layouts/application
  [1m[36mTodoItem Load (0.1ms)[0m  [1m[34mSELECT "todo_items".* FROM "todo_items" WHERE "todo_items"."todo_list_id" = ?[0m  [["todo_list_id", 2]]
  Rendered collection of templates [0 times] (0.0ms)
  Rendered todo_items/_form.html.erb (3.1ms)
  Rendered todo_lists/show.html.erb within layouts/application (7.8ms)
Completed 200 OK in 34ms (Views: 30.8ms | ActiveRecord: 0.3ms)


Started GET "/todo_lists" for ::1 at 2023-05-02 16:29:02 +0530
Processing by TodoListsController#index as HTML
  Rendering todo_lists/index.html.erb within layouts/application
  [1m[36mTodoList Load (0.3ms)[0m  [1m[34mSELECT "todo_lists".* FROM "todo_lists"[0m
  Rendered todo_lists/index.html.erb within layouts/application (4.2ms)
Completed 200 OK in 38ms (Views: 35.2ms | ActiveRecord: 0.3ms)


Started GET "/todo_lists/2" for ::1 at 2023-05-02 16:29:07 +0530
Processing by TodoListsController#show as HTML
  Parameters: {"id"=>"2"}
  [1m[36mTodoList Load (0.2ms)[0m  [1m[34mSELECT  "todo_lists".* FROM "todo_lists" WHERE "todo_lists"."id" = ? LIMIT ?[0m  [["id", 2], ["LIMIT", 1]]
  Rendering todo_lists/show.html.erb within layouts/application
  [1m[36mTodoItem Load (0.2ms)[0m  [1m[34mSELECT "todo_items".* FROM "todo_items" WHERE "todo_items"."todo_list_id" = ?[0m  [["todo_list_id", 2]]
  Rendered collection of templates [0 times] (0.0ms)
  Rendered todo_items/_form.html.erb (4.7ms)
  Rendered todo_lists/show.html.erb within layouts/application (11.1ms)
Completed 200 OK in 43ms (Views: 39.1ms | ActiveRecord: 0.5ms)


Started GET "/todo_lists" for ::1 at 2023-05-02 16:29:17 +0530
Processing by TodoListsController#index as HTML
  Rendering todo_lists/index.html.erb within layouts/application
  [1m[36mTodoList Load (0.1ms)[0m  [1m[34mSELECT "todo_lists".* FROM "todo_lists"[0m
  Rendered todo_lists/index.html.erb within layouts/application (1.3ms)
Completed 200 OK in 17ms (Views: 15.7ms | ActiveRecord: 0.1ms)


Started GET "/todo_lists/2" for ::1 at 2023-05-02 16:29:20 +0530
Processing by TodoListsController#show as HTML
  Parameters: {"id"=>"2"}
  [1m[36mTodoList Load (0.2ms)[0m  [1m[34mSELECT  "todo_lists".* FROM "todo_lists" WHERE "todo_lists"."id" = ? LIMIT ?[0m  [["id", 2], ["LIMIT", 1]]
  Rendering todo_lists/show.html.erb within layouts/application
  [1m[36mTodoItem Load (0.2ms)[0m  [1m[34mSELECT "todo_items".* FROM "todo_items" WHERE "todo_items"."todo_list_id" = ?[0m  [["todo_list_id", 2]]
  Rendered collection of templates [0 times] (0.0ms)
  Rendered todo_items/_form.html.erb (4.3ms)
  Rendered todo_lists/show.html.erb within layouts/application (11.3ms)
Completed 200 OK in 31ms (Views: 26.9ms | ActiveRecord: 0.5ms)


Started DELETE "/todo_lists/2" for ::1 at 2023-05-02 16:29:22 +0530
Processing by TodoListsController#destroy as HTML
  Parameters: {"authenticity_token"=>"kGQegmzRjZWbm7CV4e60d2gUsT2zD7uDI/eN9KbUmwTA7u9C/yN/Xv6b5yE3WUBk7gk7TfSfx0ZThlIviApYaw==", "id"=>"2"}
  [1m[36mTodoList Load (0.2ms)[0m  [1m[34mSELECT  "todo_lists".* FROM "todo_lists" WHERE "todo_lists"."id" = ? LIMIT ?[0m  [["id", 2], ["LIMIT", 1]]
  [1m[35m (0.1ms)[0m  [1m[36mbegin transaction[0m
  [1m[35mSQL (0.5ms)[0m  [1m[31mDELETE FROM "todo_lists" WHERE "todo_lists"."id" = ?[0m  [["id", 2]]
  [1m[35m (2.3ms)[0m  [1m[36mcommit transaction[0m
Redirected to http://localhost:3000/
Completed 302 Found in 15ms (ActiveRecord: 3.2ms)


Started GET "/" for ::1 at 2023-05-02 16:29:23 +0530
Processing by TodoListsController#index as HTML
  Rendering todo_lists/index.html.erb within layouts/application
  [1m[36mTodoList Load (0.1ms)[0m  [1m[34mSELECT "todo_lists".* FROM "todo_lists"[0m
  Rendered todo_lists/index.html.erb within layouts/application (1.1ms)
Completed 200 OK in 27ms (Views: 26.5ms | ActiveRecord: 0.1ms)


Started GET "/todo_lists/new" for ::1 at 2023-05-02 16:29:28 +0530
Processing by TodoListsController#new as HTML
  Rendering todo_lists/new.html.erb within layouts/application
  Rendered todo_lists/_form.html.erb (6.4ms)
  Rendered todo_lists/new.html.erb within layouts/application (9.6ms)
Completed 200 OK in 29ms (Views: 26.5ms | ActiveRecord: 0.0ms)


Started GET "/todo_lists" for ::1 at 2023-05-02 16:29:30 +0530
Processing by TodoListsController#index as HTML
  Rendering todo_lists/index.html.erb within layouts/application
  [1m[36mTodoList Load (0.3ms)[0m  [1m[34mSELECT "todo_lists".* FROM "todo_lists"[0m
  Rendered todo_lists/index.html.erb within layouts/application (3.3ms)
Completed 200 OK in 44ms (Views: 42.1ms | ActiveRecord: 0.3ms)


Started GET "/todo_lists/1" for ::1 at 2023-05-02 16:29:31 +0530
Processing by TodoListsController#show as HTML
  Parameters: {"id"=>"1"}
  [1m[36mTodoList Load (0.2ms)[0m  [1m[34mSELECT  "todo_lists".* FROM "todo_lists" WHERE "todo_lists"."id" = ? LIMIT ?[0m  [["id", 1], ["LIMIT", 1]]
  Rendering todo_lists/show.html.erb within layouts/application
  [1m[36mTodoItem Load (0.2ms)[0m  [1m[34mSELECT "todo_items".* FROM "todo_items" WHERE "todo_items"."todo_list_id" = ?[0m  [["todo_list_id", 1]]
  Rendered collection of todo_items/_todo_item.html.erb [3 times] (1.4ms)
  Rendered todo_items/_form.html.erb (1.2ms)
  Rendered todo_lists/show.html.erb within layouts/application (8.0ms)
Completed 200 OK in 33ms (Views: 21.4ms | ActiveRecord: 0.5ms)


Started POST "/todo_lists/1/todo_items" for ::1 at 2023-05-02 16:29:40 +0530
Processing by TodoItemsController#create as HTML
  Parameters: {"utf8"=>"✓", "authenticity_token"=>"RFQQnAlqKq44HGoXljAoIebP0NKSo7I7kZodnF0/vs9IPhwWPsDSiRU59NQLD7NDv1P0Jw+FeMZpxQcIA45LcA==", "todo_item"=>{"content"=>"Task 4"}, "commit"=>"Create Todo item", "todo_list_id"=>"1"}
  [1m[36mTodoList Load (0.3ms)[0m  [1m[34mSELECT  "todo_lists".* FROM "todo_lists" WHERE "todo_lists"."id" = ? LIMIT ?[0m  [["id", 1], ["LIMIT", 1]]
  [1m[35m (0.1ms)[0m  [1m[36mbegin transaction[0m
  [1m[35mSQL (0.6ms)[0m  [1m[32mINSERT INTO "todo_items" ("content", "todo_list_id", "created_at", "updated_at") VALUES (?, ?, ?, ?)[0m  [["content", "Task 4"], ["todo_list_id", 1], ["created_at", "2023-05-02 10:59:40.242987"], ["updated_at", "2023-05-02 10:59:40.242987"]]
  [1m[35m (0.9ms)[0m  [1m[36mcommit transaction[0m
Redirected to http://localhost:3000/todo_lists/1
Completed 302 Found in 12ms (ActiveRecord: 2.0ms)


Started GET "/todo_lists/1" for ::1 at 2023-05-02 16:29:40 +0530
Processing by TodoListsController#show as HTML
  Parameters: {"id"=>"1"}
  [1m[36mTodoList Load (0.2ms)[0m  [1m[34mSELECT  "todo_lists".* FROM "todo_lists" WHERE "todo_lists"."id" = ? LIMIT ?[0m  [["id", 1], ["LIMIT", 1]]
  Rendering todo_lists/show.html.erb within layouts/application
  [1m[36mTodoItem Load (0.2ms)[0m  [1m[34mSELECT "todo_items".* FROM "todo_items" WHERE "todo_items"."todo_list_id" = ?[0m  [["todo_list_id", 1]]
  Rendered collection of todo_items/_todo_item.html.erb [4 times] (3.7ms)
  Rendered todo_items/_form.html.erb (3.3ms)
  Rendered todo_lists/show.html.erb within layouts/application (13.3ms)
Completed 200 OK in 37ms (Views: 33.4ms | ActiveRecord: 0.4ms)


Started GET "/todo_lists/1/edit" for ::1 at 2023-05-02 16:29:58 +0530
Processing by TodoListsController#edit as HTML
  Parameters: {"id"=>"1"}
  [1m[36mTodoList Load (0.3ms)[0m  [1m[34mSELECT  "todo_lists".* FROM "todo_lists" WHERE "todo_lists"."id" = ? LIMIT ?[0m  [["id", 1], ["LIMIT", 1]]
  Rendering todo_lists/edit.html.erb within layouts/application
  Rendered todo_lists/_form.html.erb (5.9ms)
  Rendered todo_lists/edit.html.erb within layouts/application (9.4ms)
Completed 200 OK in 34ms (Views: 29.8ms | ActiveRecord: 0.3ms)


Started GET "/todo_lists/1/edit" for ::1 at 2023-05-02 16:34:20 +0530
Processing by TodoListsController#edit as HTML
  Parameters: {"id"=>"1"}
  [1m[36mTodoList Load (0.3ms)[0m  [1m[34mSELECT  "todo_lists".* FROM "todo_lists" WHERE "todo_lists"."id" = ? LIMIT ?[0m  [["id", 1], ["LIMIT", 1]]
  Rendering todo_lists/edit.html.erb within layouts/application
  Rendered todo_lists/_form.html.erb (5.3ms)
  Rendered todo_lists/edit.html.erb within layouts/application (9.7ms)
Completed 200 OK in 42ms (Views: 37.9ms | ActiveRecord: 0.3ms)


Started GET "/todo_lists/1/edit" for ::1 at 2023-05-02 16:35:10 +0530
Processing by TodoListsController#edit as HTML
  Parameters: {"id"=>"1"}
  [1m[36mTodoList Load (1.2ms)[0m  [1m[34mSELECT  "todo_lists".* FROM "todo_lists" WHERE "todo_lists"."id" = ? LIMIT ?[0m  [["id", 1], ["LIMIT", 1]]
  Rendering todo_lists/edit.html.erb within layouts/application
  Rendered todo_lists/_form.html.erb (2.1ms)
  Rendered todo_lists/edit.html.erb within layouts/application (3.3ms)
Completed 200 OK in 21ms (Views: 17.9ms | ActiveRecord: 1.2ms)


Started GET "/todo_lists" for ::1 at 2023-05-02 16:37:33 +0530
Processing by TodoListsController#index as HTML
  Rendering todo_lists/index.html.erb within layouts/application
  [1m[36mTodoList Load (3.0ms)[0m  [1m[34mSELECT "todo_lists".* FROM "todo_lists"[0m
  Rendered todo_lists/index.html.erb within layouts/application (7.1ms)
Completed 200 OK in 44ms (Views: 36.6ms | ActiveRecord: 3.0ms)


Started GET "/todo_lists/1" for ::1 at 2023-05-02 16:37:34 +0530
Processing by TodoListsController#show as HTML
  Parameters: {"id"=>"1"}
  [1m[36mTodoList Load (0.2ms)[0m  [1m[34mSELECT  "todo_lists".* FROM "todo_lists" WHERE "todo_lists"."id" = ? LIMIT ?[0m  [["id", 1], ["LIMIT", 1]]
  Rendering todo_lists/show.html.erb within layouts/application
  [1m[36mTodoItem Load (0.4ms)[0m  [1m[34mSELECT "todo_items".* FROM "todo_items" WHERE "todo_items"."todo_list_id" = ?[0m  [["todo_list_id", 1]]
  Rendered collection of todo_items/_todo_item.html.erb [4 times] (2.5ms)
  Rendered todo_items/_form.html.erb (2.8ms)
  Rendered todo_lists/show.html.erb within layouts/application (23.4ms)
Completed 200 OK in 57ms (Views: 50.1ms | ActiveRecord: 0.6ms)


Started GET "/todo_lists/1" for ::1 at 2023-05-02 16:40:55 +0530
Processing by TodoListsController#show as HTML
  Parameters: {"id"=>"1"}
  [1m[36mTodoList Load (0.8ms)[0m  [1m[34mSELECT  "todo_lists".* FROM "todo_lists" WHERE "todo_lists"."id" = ? LIMIT ?[0m  [["id", 1], ["LIMIT", 1]]
  Rendering todo_lists/show.html.erb within layouts/application
  [1m[36mTodoItem Load (0.1ms)[0m  [1m[34mSELECT "todo_items".* FROM "todo_items" WHERE "todo_items"."todo_list_id" = ?[0m  [["todo_list_id", 1]]
  Rendered collection of todo_items/_todo_item.html.erb [4 times] (2.0ms)
  Rendered todo_items/_form.html.erb (1.7ms)
  Rendered todo_lists/show.html.erb within layouts/application (7.9ms)
Completed 200 OK in 128ms (Views: 120.8ms | ActiveRecord: 0.9ms)


Started PATCH "/todo_lists/1/todo_items/5/complete" for ::1 at 2023-05-02 16:41:20 +0530
Processing by TodoItemsController#complete as HTML
  Parameters: {"authenticity_token"=>"bytnvmTmoO3N+usWvOkpNxA2jNQ8Yhk8x8u9iVdyArY/oZZ+9xRSJqj6vKJqXt0klisGpHvyZfm3umJSeazB2Q==", "todo_list_id"=>"1", "id"=>"5"}
  [1m[36mTodoList Load (0.6ms)[0m  [1m[34mSELECT  "todo_lists".* FROM "todo_lists" WHERE "todo_lists"."id" = ? LIMIT ?[0m  [["id", 1], ["LIMIT", 1]]
  [1m[36mTodoItem Load (0.4ms)[0m  [1m[34mSELECT  "todo_items".* FROM "todo_items" WHERE "todo_items"."todo_list_id" = ? AND "todo_items"."id" = ? LIMIT ?[0m  [["todo_list_id", 1], ["id", 5], ["LIMIT", 1]]
  [1m[35m (0.1ms)[0m  [1m[36mbegin transaction[0m
  [1m[35mSQL (0.7ms)[0m  [1m[33mUPDATE "todo_items" SET "completed_at" = ?, "updated_at" = ? WHERE "todo_items"."id" = ?[0m  [["completed_at", "2023-05-02 11:11:20.428210"], ["updated_at", "2023-05-02 11:11:20.429351"], ["id", 5]]
  [1m[35m (1.0ms)[0m  [1m[36mcommit transaction[0m
Redirected to http://localhost:3000/todo_lists/1
Completed 302 Found in 14ms (ActiveRecord: 2.8ms)


Started GET "/todo_lists/1" for ::1 at 2023-05-02 16:41:20 +0530
Processing by TodoListsController#show as HTML
  Parameters: {"id"=>"1"}
  [1m[36mTodoList Load (0.2ms)[0m  [1m[34mSELECT  "todo_lists".* FROM "todo_lists" WHERE "todo_lists"."id" = ? LIMIT ?[0m  [["id", 1], ["LIMIT", 1]]
  Rendering todo_lists/show.html.erb within layouts/application
  [1m[36mTodoItem Load (0.2ms)[0m  [1m[34mSELECT "todo_items".* FROM "todo_items" WHERE "todo_items"."todo_list_id" = ?[0m  [["todo_list_id", 1]]
  Rendered collection of todo_items/_todo_item.html.erb [4 times] (2.8ms)
  Rendered todo_items/_form.html.erb (2.2ms)
  Rendered todo_lists/show.html.erb within layouts/application (9.8ms)
Completed 200 OK in 31ms (Views: 28.6ms | ActiveRecord: 0.4ms)


Started PATCH "/todo_lists/1/todo_items/7/complete" for ::1 at 2023-05-02 16:42:01 +0530
Processing by TodoItemsController#complete as HTML
  Parameters: {"authenticity_token"=>"Qx6l0N2rIfhC6nA5m9/20Fu5EGCxGpRcsIh0DmkPi2QTlFQQTlnTMyfqJ41NaALD3aSaEPaK6JnA+avVR9FICw==", "todo_list_id"=>"1", "id"=>"7"}
  [1m[36mTodoList Load (0.4ms)[0m  [1m[34mSELECT  "todo_lists".* FROM "todo_lists" WHERE "todo_lists"."id" = ? LIMIT ?[0m  [["id", 1], ["LIMIT", 1]]
  [1m[36mTodoItem Load (0.3ms)[0m  [1m[34mSELECT  "todo_items".* FROM "todo_items" WHERE "todo_items"."todo_list_id" = ? AND "todo_items"."id" = ? LIMIT ?[0m  [["todo_list_id", 1], ["id", 7], ["LIMIT", 1]]
  [1m[35m (0.1ms)[0m  [1m[36mbegin transaction[0m
  [1m[35mSQL (0.6ms)[0m  [1m[33mUPDATE "todo_items" SET "completed_at" = ?, "updated_at" = ? WHERE "todo_items"."id" = ?[0m  [["completed_at", "2023-05-02 11:12:01.731872"], ["updated_at", "2023-05-02 11:12:01.732981"], ["id", 7]]
  [1m[35m (1.6ms)[0m  [1m[36mcommit transaction[0m
Redirected to http://localhost:3000/todo_lists/1
Completed 302 Found in 16ms (ActiveRecord: 3.0ms)


Started GET "/todo_lists/1" for ::1 at 2023-05-02 16:42:01 +0530
Processing by TodoListsController#show as HTML
  Parameters: {"id"=>"1"}
  [1m[36mTodoList Load (0.2ms)[0m  [1m[34mSELECT  "todo_lists".* FROM "todo_lists" WHERE "todo_lists"."id" = ? LIMIT ?[0m  [["id", 1], ["LIMIT", 1]]
  Rendering todo_lists/show.html.erb within layouts/application
  [1m[36mTodoItem Load (0.1ms)[0m  [1m[34mSELECT "todo_items".* FROM "todo_items" WHERE "todo_items"."todo_list_id" = ?[0m  [["todo_list_id", 1]]
  Rendered collection of todo_items/_todo_item.html.erb [4 times] (3.5ms)
  Rendered todo_items/_form.html.erb (2.7ms)
  Rendered todo_lists/show.html.erb within layouts/application (12.3ms)
Completed 200 OK in 40ms (Views: 36.7ms | ActiveRecord: 0.4ms)


Started GET "/todo_lists" for ::1 at 2023-05-02 16:42:03 +0530
Processing by TodoListsController#index as HTML
  Rendering todo_lists/index.html.erb within layouts/application
  [1m[36mTodoList Load (0.4ms)[0m  [1m[34mSELECT "todo_lists".* FROM "todo_lists"[0m
  Rendered todo_lists/index.html.erb within layouts/application (3.5ms)
Completed 200 OK in 35ms (Views: 31.9ms | ActiveRecord: 0.4ms)


Started GET "/todo_lists/1" for ::1 at 2023-05-02 16:42:04 +0530
Processing by TodoListsController#show as HTML
  Parameters: {"id"=>"1"}
  [1m[36mTodoList Load (0.4ms)[0m  [1m[34mSELECT  "todo_lists".* FROM "todo_lists" WHERE "todo_lists"."id" = ? LIMIT ?[0m  [["id", 1], ["LIMIT", 1]]
  Rendering todo_lists/show.html.erb within layouts/application
  [1m[36mTodoItem Load (0.3ms)[0m  [1m[34mSELECT "todo_items".* FROM "todo_items" WHERE "todo_items"."todo_list_id" = ?[0m  [["todo_list_id", 1]]
  Rendered collection of todo_items/_todo_item.html.erb [4 times] (5.1ms)
  Rendered todo_items/_form.html.erb (3.4ms)
  Rendered todo_lists/show.html.erb within layouts/application (17.2ms)
Completed 200 OK in 48ms (Views: 42.8ms | ActiveRecord: 0.7ms)


Started GET "/todo_lists" for ::1 at 2023-05-02 16:42:16 +0530
Processing by TodoListsController#index as HTML
  Rendering todo_lists/index.html.erb within layouts/application
  [1m[36mTodoList Load (0.3ms)[0m  [1m[34mSELECT "todo_lists".* FROM "todo_lists"[0m
  Rendered todo_lists/index.html.erb within layouts/application (4.2ms)
Completed 200 OK in 36ms (Views: 32.8ms | ActiveRecord: 0.3ms)


